[tio.run/index.html]
[tio.run/static/64e190cd544dd33c803051ed22abf63b-apple-touch-icon.png]
[tio.run/static/86488c00240de0e1e77ab909338c1de2-favicon-32x32.png]
[tio.run/static/e2b790e60d7d563dacb04fa22134422c-favicon-16x16.png]
[tio.run/static/0bd2526201ba220e3abed8eaf380101d-favicon.ico]
[tio.run/static/bb7fbcca1b28c62057a6bc7197082af1-manifest.json]
[backblue.gif]
[fade.gif]
[index.html]
[tio.run/static/379903db189f0b2ae1990edff26ee736-pako.min.js]
[tio.run/static/3fd328d8f41877a6df086a6037ae8f35-frontend.js]
[tio.run/static/6178af6f61acf9b1241e7cdbb12a7f9c-frontend.css]
[tio.run/index.html]
[tio.run/static/0d3c1cbc0538a34ea71a5843509f2cae-safari-pinned-tab.svg]
[tio.run/static/47018443a8b4eb39f020a5fced505d9a-Exo2-Regular.woff2]
[tio.run/static/d0d32d29a68eb37a4679e998a2d1f32b-Exo2-Regular.woff]
[tio.run/static/52ae65a035edab4eb8b0fe2127511bdd-Exo2-SemiBold.woff2]
[tio.run/static/75df07dd448668e91e7ca08d498734bf-Exo2-SemiBold.woff]
[tio.run/static/7bcfddd80f0a2de82fc2ec5708de4d59-DejaVuSansMono.woff2]
[tio.run/static/37e884dd59c88789b7ff98457eacc4ca-DejaVuSansMono.woff]
[tio.run/static/6178af6f61acf9b1241e7cdbb12a7f9c-frontend.css]
[tio.run/{{permalink}}.html]
